<?xml version="1.0" encoding="UTF-8"?>
<testsuite name="TunerStudioIntegrationTest" tests="6" skipped="3" failures="0" errors="0" timestamp="2026-01-11T23:15:52" hostname="customer.lndngbr1.pop.starlinkisp.net" time="0.02">
  <properties/>
  <testcase name="TunerStudio has valid main method" classname="TunerStudioIntegrationTest" time="0.007">
    <skipped/>
  </testcase>
  <testcase name="Application can be invoked (smoke test)" classname="TunerStudioIntegrationTest" time="0.001">
    <skipped/>
  </testcase>
  <testcase name="Application JAR exists and is valid" classname="TunerStudioIntegrationTest" time="0.005"/>
  <testcase name="JAR contains expected resources" classname="TunerStudioIntegrationTest" time="0.003"/>
  <testcase name="JAR manifest contains expected attributes" classname="TunerStudioIntegrationTest" time="0.001"/>
  <testcase name="TunerStudio class can be loaded from JAR" classname="TunerStudioIntegrationTest" time="0.0">
    <skipped/>
  </testcase>
  <system-out><![CDATA[JAR location: /home/rewrich/Documents/GitHub/tustu/app/build/libs/app-1.0.0.jar
JAR size: 1278848 bytes
Main-Class: TunerStudio
JAR contents:
  Class files: 60
  Resource files: 420
  Total entries: 480
  Has TunerStudio.class: false
Manifest attributes:
  Main-Class: TunerStudio
  Implementation-Title: TunerStudio
  Implementation-Version: 1.0.0
]]></system-out>
  <system-err><![CDATA[]]></system-err>
</testsuite>
